Copyright 1986-2022 Xilinx, Inc. All Rights Reserved.
-------------------------------------------------------------------------------------------------
| Tool Version : Vivado v.2022.1 (lin64) Build 3526262 Mon Apr 18 15:47:01 MDT 2022
| Date         : Wed Oct 19 16:39:16 2022
| Host         : shamama-Latitude-5411 running 64-bit Ubuntu 22.04.1 LTS
| Command      : report_timing -sort_by group -max_paths 100 -path_type summary -file timing.log
| Design       : main
| Device       : 7a15t-cpg236
| Speed File   : -1  PRODUCTION 1.23 2018-06-13
-------------------------------------------------------------------------------------------------

Timing Report

Startpoint                     Endpoint                       Slack(ns)     
----------------------------------------------------------------------------
game_counter_reg[23]/C         cells_x[2].cells_y[3].CELL/state_q_reg/D
                                                              77.937        
game_counter_reg[23]/C         cells_x[6].cells_y[2].CELL/state_q_reg/D
                                                              78.141        
game_counter_reg[23]/C         cells_x[5].cells_y[2].CELL/state_q_reg/D
                                                              78.276        
game_counter_reg[23]/C         cells_x[4].cells_y[2].CELL/state_q_reg/D
                                                              78.340        
game_counter_reg[23]/C         cells_x[4].cells_y[3].CELL/state_q_reg/D
                                                              78.468        
game_counter_reg[23]/C         cells_x[2].cells_y[7].CELL/state_q_reg/D
                                                              78.539        
game_counter_reg[23]/C         cells_x[7].cells_y[7].CELL/state_q_reg/D
                                                              78.718        
game_counter_reg[23]/C         cells_x[6].cells_y[3].CELL/state_q_reg/D
                                                              78.778        
cells_x[4].cells_y[3].CELL/state_q_reg/C
                               cells_x[3].cells_y[3].CELL/state_q_reg/D
                                                              78.813        
cells_x[5].cells_y[5].CELL/state_q_reg/C
                               cells_x[4].cells_y[4].CELL/state_q_reg/D
                                                              78.868        
game_counter_reg[23]/C         cells_x[4].cells_y[5].CELL/state_q_reg/D
                                                              78.869        
game_counter_reg[23]/C         cells_x[5].cells_y[3].CELL/state_q_reg/D
                                                              78.907        
game_counter_reg[23]/C         cells_x[7].cells_y[3].CELL/state_q_reg/D
                                                              78.950        
game_counter_reg[23]/C         cells_x[7].cells_y[2].CELL/state_q_reg/D
                                                              78.956        
game_counter_reg[23]/C         cells_x[4].cells_y[6].CELL/state_q_reg/D
                                                              78.960        
game_counter_reg[23]/C         cells_x[2].cells_y[6].CELL/state_q_reg/D
                                                              79.072        
game_counter_reg[23]/C         cells_x[3].cells_y[6].CELL/state_q_reg/D
                                                              79.117        
game_counter_reg[23]/C         cells_x[6].cells_y[7].CELL/state_q_reg/D
                                                              79.128        
game_counter_reg[23]/C         cells_x[7].cells_y[4].CELL/state_q_reg/D
                                                              79.137        
game_counter_reg[23]/C         cells_x[3].cells_y[5].CELL/state_q_reg/D
                                                              79.153        
cells_x[5].cells_y[5].CELL/state_q_reg/C
                               cells_x[5].cells_y[4].CELL/state_q_reg/D
                                                              79.168        
game_counter_reg[23]/C         cells_x[4].cells_y[7].CELL/state_q_reg/D
                                                              79.216        
cells_x[7].cells_y[4].CELL/state_q_reg/C
                               cells_x[6].cells_y[5].CELL/state_q_reg/D
                                                              79.268        
cells_x[7].cells_y[3].CELL/state_q_reg/C
                               cells_x[6].cells_y[4].CELL/state_q_reg/D
                                                              79.278        
game_counter_reg[23]/C         cells_x[2].cells_y[4].CELL/state_q_reg/D
                                                              79.311        
cells_x[3].cells_y[3].CELL/state_q_reg/C
                               cells_x[3].cells_y[4].CELL/state_q_reg/D
                                                              79.335        
game_counter_reg[23]/C         cells_x[3].cells_y[7].CELL/state_q_reg/D
                                                              79.345        
game_counter_reg[23]/C         cells_x[2].cells_y[2].CELL/state_q_reg/D
                                                              79.392        
game_counter_reg[23]/C         cells_x[2].cells_y[5].CELL/state_q_reg/D
                                                              79.400        
game_counter_reg[23]/C         cells_x[7].cells_y[5].CELL/state_q_reg/D
                                                              79.414        
cells_x[6].cells_y[6].CELL/state_q_reg/C
                               cells_x[5].cells_y[5].CELL/state_q_reg/D
                                                              79.433        
game_counter_reg[23]/C         cells_x[3].cells_y[2].CELL/state_q_reg/D
                                                              79.542        
cells_x[6].cells_y[6].CELL/state_q_reg/C
                               cells_x[5].cells_y[6].CELL/state_q_reg/D
                                                              79.563        
game_counter_reg[23]/C         game_counter_reg[23]/D         79.784        
game_counter_reg[23]/C         game_counter_reg[21]/D         79.824        
game_counter_reg[23]/C         game_counter_reg[17]/D         79.913        
game_counter_reg[23]/C         game_counter_reg[22]/D         79.919        
game_counter_reg[23]/C         game_counter_reg[19]/D         79.934        
game_counter_reg[23]/C         game_counter_reg[20]/D         79.935        
game_counter_reg[23]/C         cells_x[5].cells_y[1].CELL/state_q_reg/D
                                                              79.955        
cells_x[5].cells_y[6].CELL/state_q_reg/C
                               cells_x[5].cells_y[7].CELL/state_q_reg/D
                                                              79.975        
cells_x[8].cells_y[7].CELL/state_q_reg/C
                               cells_x[7].cells_y[6].CELL/state_q_reg/D
                                                              79.977        
cells_x[7].cells_y[6].CELL/state_q_reg/C
                               cells_x[6].cells_y[6].CELL/state_q_reg/D
                                                              79.999        
game_counter_reg[23]/C         game_counter_reg[18]/D         80.008        
game_counter_reg[23]/C         game_counter_reg[16]/D         80.024        
game_counter_reg[23]/C         game_counter_reg[13]/D         80.026        
cells_x[7].cells_y[3].CELL/state_q_reg/C
                               cells_x[8].cells_y[4].CELL/state_q_reg/D
                                                              80.028        
game_counter_reg[23]/C         cells_x[6].cells_y[1].CELL/state_q_reg/D
                                                              80.047        
game_counter_reg[23]/C         game_counter_reg[15]/D         80.047        
game_counter_reg[23]/C         game_counter_reg[14]/D         80.121        
game_counter_reg[23]/C         game_counter_reg[12]/D         80.137        
game_counter_reg[23]/C         game_counter_reg[9]/D          80.139        
game_counter_reg[23]/C         game_counter_reg[11]/D         80.160        
game_counter_reg[23]/C         game_counter_reg[10]/D         80.234        
game_counter_reg[23]/C         game_counter_reg[8]/D          80.250        
game_counter_reg[23]/C         game_counter_reg[5]/D          80.252        
game_counter_reg[23]/C         game_counter_reg[7]/D          80.273        
game_counter_reg[23]/C         game_counter_reg[6]/D          80.347        
game_counter_reg[23]/C         game_counter_reg[4]/D          80.363        
cells_x[7].cells_y[7].CELL/state_q_reg/C
                               cells_x[7].cells_y[8].CELL/state_q_reg/D
                                                              80.382        
x_reg[2]/C                     x_reg[0]/R                     80.416        
x_reg[2]/C                     x_reg[1]/R                     80.416        
x_reg[2]/C                     x_reg[2]/R                     80.416        
x_reg[2]/C                     x_reg[3]/R                     80.416        
game_counter_reg[23]/C         game_counter_reg[3]/D          80.494        
cells_x[7].cells_y[7].CELL/state_q_reg/C
                               cells_x[6].cells_y[8].CELL/state_q_reg/D
                                                              80.548        
game_counter_reg[23]/C         game_counter_reg[2]/D          80.554        
game_counter_reg[23]/C         cells_x[4].cells_y[1].CELL/state_q_reg/D
                                                              80.622        
game_counter_reg[23]/C         cells_x[2].cells_y[1].CELL/state_q_reg/D
                                                              80.656        
cells_x[2].cells_y[4].CELL/state_q_reg/C
                               cells_x[1].cells_y[3].CELL/state_q_reg/D
                                                              80.656        
display_counter_reg[12]/C      display_counter_reg[12]/D      80.661        
display_counter_reg[12]/C      display_counter_reg[9]/D       80.699        
display_counter_reg[12]/C      display_counter_reg[11]/D      80.707        
game_counter_reg[23]/C         game_counter_reg[1]/D          80.712        
cells_x[7].cells_y[2].CELL/state_q_reg/C
                               cells_x[8].cells_y[2].CELL/state_q_reg/D
                                                              80.736        
cells_x[2].cells_y[8].CELL/state_q_reg/C
                               cells_x[3].cells_y[8].CELL/state_q_reg/D
                                                              80.754        
cells_x[3].cells_y[1].CELL/state_q_reg/C
                               cells_x[3].cells_y[1].CELL/state_q_reg/D
                                                              80.763        
cells_x[7].cells_y[4].CELL/state_q_reg/C
                               cells_x[8].cells_y[5].CELL/state_q_reg/D
                                                              80.774        
display_counter_reg[12]/C      display_counter_reg[10]/D      80.783        
display_counter_reg[12]/C      display_counter_reg[8]/D       80.803        
cells_x[2].cells_y[6].CELL/state_q_reg/C
                               cells_x[1].cells_y[6].CELL/state_q_reg/D
                                                              80.806        
display_counter_reg[12]/C      display_counter_reg[5]/D       80.815        
display_counter_reg[12]/C      display_counter_reg[7]/D       80.823        
cells_x[3].cells_y[7].CELL/state_q_reg/C
                               cells_x[2].cells_y[8].CELL/state_q_reg/D
                                                              80.851        
game_counter_reg[23]/C         cells_x[1].cells_y[1].CELL/state_q_reg/D
                                                              80.857        
game_counter_reg[23]/C         game_counter_reg[0]/D          80.889        
display_counter_reg[12]/C      display_counter_reg[6]/D       80.899        
display_counter_reg[12]/C      display_counter_reg[4]/D       80.919        
cells_x[1].cells_y[3].CELL/state_q_reg/C
                               cells_x[1].cells_y[4].CELL/state_q_reg/D
                                                              80.942        
display_counter_reg[12]/C      display_counter_reg[3]/D       81.041        
cells_x[7].cells_y[1].CELL/state_q_reg/C
                               cells_x[7].cells_y[1].CELL/state_q_reg/D
                                                              81.080        
cells_x[2].cells_y[4].CELL/state_q_reg/C
                               cells_x[1].cells_y[5].CELL/state_q_reg/D
                                                              81.085        
cells_x[8].cells_y[8].CELL/state_q_reg/C
                               cells_x[8].cells_y[7].CELL/state_q_reg/D
                                                              81.089        
display_counter_reg[12]/C      display_counter_reg[2]/D       81.106        
cells_x[2].cells_y[2].CELL/state_q_reg/C
                               cells_x[1].cells_y[2].CELL/state_q_reg/D
                                                              81.117        
game_counter_reg[23]/C         cells_x[8].cells_y[1].CELL/state_q_reg/D
                                                              81.132        
game_counter_reg[23]/C         cells_x[4].cells_y[8].CELL/state_q_reg/D
                                                              81.162        
cells_x[8].cells_y[7].CELL/state_q_reg/C
                               cells_x[8].cells_y[6].CELL/state_q_reg/D
                                                              81.181        
game_counter_reg[23]/C         cells_x[1].cells_y[7].CELL/state_q_reg/D
                                                              81.241        
cells_x[7].cells_y[4].CELL/state_q_reg/C
                               cells_x[8].cells_y[3].CELL/state_q_reg/D
                                                              81.259        



