Copyright 1986-2022 Xilinx, Inc. All Rights Reserved.
----------------------------------------------------------------------------------------------------------
| Tool Version : Vivado v.2022.1 (lin64) Build 3526262 Mon Apr 18 15:47:01 MDT 2022
| Date         : Fri Nov 11 13:50:05 2022
| Host         : shamama-Latitude-5411 running 64-bit Ubuntu 22.04.1 LTS
| Command      : report_timing -sort_by group -max_paths 100 -path_type summary -file timing.log -verbose
| Design       : main
| Device       : 7a15t-cpg236
| Speed File   : -1  PRODUCTION 1.23 2018-06-13
----------------------------------------------------------------------------------------------------------

Timing Report

Startpoint                     Endpoint                       Slack(ns)     
----------------------------------------------------------------------------
ILI9341/rom_addr_reg_rep/CLKARDCLK
                               ILI9341/cfg_delay_counter_reg[16]/D
                                                              11.637        
ILI9341/rom_addr_reg_rep/CLKARDCLK
                               ILI9341/cfg_delay_counter_reg[6]/D
                                                              11.653        
ILI9341/rom_addr_reg_rep/CLKARDCLK
                               ILI9341/cfg_delay_counter_reg[19]/D
                                                              11.664        
ILI9341/rom_addr_reg_rep/CLKARDCLK
                               ILI9341/cfg_delay_counter_reg[14]/D
                                                              11.664        
ILI9341/rom_addr_reg_rep/CLKARDCLK
                               ILI9341/cfg_delay_counter_reg[20]/D
                                                              11.680        
ILI9341/rom_addr_reg_rep/CLKARDCLK
                               ILI9341/cfg_delay_counter_reg[17]/D
                                                              11.682        
ILI9341/cfg_delay_counter_reg[6]/C
                               ILI9341/data_commandb_reg/CE   11.683        
FT6206/state_reg[1]/C          FT6206/I2C0/clk_divider_counter_reg[0]/S
                                                              11.749        
FT6206/state_reg[1]/C          FT6206/I2C0/clk_divider_counter_reg[1]/R
                                                              11.749        
FT6206/state_reg[1]/C          FT6206/I2C0/clk_divider_counter_reg[2]/S
                                                              11.749        
FT6206/state_reg[1]/C          FT6206/I2C0/clk_divider_counter_reg[4]/S
                                                              11.749        
ILI9341/rom_addr_reg_rep/CLKARDCLK
                               ILI9341/cfg_state_reg[1]/D     11.838        
FT6206/state_reg[1]/C          FT6206/I2C0/clk_divider_counter_reg[3]/R
                                                              11.844        
ILI9341/rom_addr_reg_rep/CLKARDCLK
                               ILI9341/cfg_state_reg[0]/D     11.854        
ILI9341/rom_addr_reg[3]/C      ILI9341/rom_addr_reg_rep/ADDRARDADDR[9]
                                                              11.864        
FT6206/I2C0/clk_divider_counter_reg[0]/C
                               FT6206/I2C0/clk_divider_counter_reg[3]/D
                                                              11.953        
ILI9341/rom_addr_reg[3]/C      ILI9341/rom_addr_reg_rep/ADDRARDADDR[10]
                                                              11.985        
ILI9341/cfg_delay_counter_reg[6]/C
                               ILI9341/cfg_delay_counter_reg[11]/CE
                                                              12.014        
ILI9341/cfg_delay_counter_reg[6]/C
                               ILI9341/cfg_delay_counter_reg[15]/CE
                                                              12.014        
ILI9341/cfg_delay_counter_reg[6]/C
                               ILI9341/cfg_delay_counter_reg[16]/CE
                                                              12.014        
ILI9341/cfg_delay_counter_reg[6]/C
                               ILI9341/cfg_delay_counter_reg[6]/CE
                                                              12.014        
FT6206/state_reg[1]/C          FT6206/I2C0/clk_divider_counter_reg[5]/R
                                                              12.047        
FT6206/state_reg[1]/C          FT6206/I2C0/clk_divider_counter_reg[6]/R
                                                              12.047        
FT6206/state_reg[1]/C          FT6206/I2C0/clk_divider_counter_reg[7]/S
                                                              12.047        
FT6206/I2C0/bit_counter_reg[0]/C
                               FT6206/I2C0/FSM_onehot_state_reg[4]/CE
                                                              12.098        
FT6206/I2C0/bit_counter_reg[0]/C
                               FT6206/I2C0/FSM_onehot_state_reg[5]/CE
                                                              12.098        
FT6206/I2C0/bit_counter_reg[0]/C
                               FT6206/I2C0/FSM_onehot_state_reg[7]/CE
                                                              12.098        
FT6206/I2C0/bit_counter_reg[0]/C
                               FT6206/I2C0/FSM_onehot_state_reg[8]/CE
                                                              12.098        
ILI9341/rom_addr_reg_rep/CLKARDCLK
                               ILI9341/cfg_bytes_remaining_reg[0]/D
                                                              12.098        
ILI9341/rom_addr_reg_rep/CLKARDCLK
                               ILI9341/cfg_delay_counter_reg[8]/D
                                                              12.098        
ILI9341/rom_addr_reg_rep/CLKARDCLK
                               ILI9341/cfg_delay_counter_reg[9]/D
                                                              12.114        
ILI9341/cfg_delay_counter_reg[6]/C
                               ILI9341/cfg_delay_counter_reg[1]/CE
                                                              12.134        
ILI9341/cfg_delay_counter_reg[6]/C
                               ILI9341/cfg_delay_counter_reg[2]/CE
                                                              12.134        
ILI9341/cfg_delay_counter_reg[6]/C
                               ILI9341/cfg_delay_counter_reg[3]/CE
                                                              12.134        
ILI9341/cfg_delay_counter_reg[6]/C
                               ILI9341/cfg_delay_counter_reg[4]/CE
                                                              12.134        
ILI9341/cfg_delay_counter_reg[6]/C
                               ILI9341/cfg_delay_counter_reg[5]/CE
                                                              12.134        
ILI9341/cfg_delay_counter_reg[6]/C
                               ILI9341/cfg_delay_counter_reg[7]/CE
                                                              12.134        
ILI9341/rom_addr_reg_rep/CLKARDCLK
                               ILI9341/cfg_delay_counter_reg[13]/D
                                                              12.135        
ILI9341/cfg_delay_counter_reg[6]/C
                               ILI9341/cfg_delay_counter_reg[13]/CE
                                                              12.139        
ILI9341/cfg_delay_counter_reg[6]/C
                               ILI9341/cfg_delay_counter_reg[18]/CE
                                                              12.139        
ILI9341/cfg_delay_counter_reg[6]/C
                               ILI9341/cfg_delay_counter_reg[21]/CE
                                                              12.139        
ILI9341/cfg_delay_counter_reg[6]/C
                               ILI9341/cfg_delay_counter_reg[10]/CE
                                                              12.144        
ILI9341/cfg_delay_counter_reg[6]/C
                               ILI9341/cfg_delay_counter_reg[12]/CE
                                                              12.144        
ILI9341/cfg_delay_counter_reg[6]/C
                               ILI9341/cfg_delay_counter_reg[8]/CE
                                                              12.144        
ILI9341/cfg_delay_counter_reg[6]/C
                               ILI9341/cfg_delay_counter_reg[9]/CE
                                                              12.144        
PULSE_100Hz/counter_reg[7]/C   PULSE_100Hz/counter_reg[0]/R   12.173        
PULSE_100Hz/counter_reg[7]/C   PULSE_100Hz/counter_reg[1]/R   12.173        
PULSE_100Hz/counter_reg[7]/C   PULSE_100Hz/counter_reg[2]/R   12.173        
PULSE_100Hz/counter_reg[7]/C   PULSE_100Hz/counter_reg[3]/R   12.173        
ILI9341/cfg_delay_counter_reg[6]/C
                               ILI9341/cfg_delay_counter_reg[14]/CE
                                                              12.181        
ILI9341/cfg_delay_counter_reg[6]/C
                               ILI9341/cfg_delay_counter_reg[17]/CE
                                                              12.181        
ILI9341/cfg_delay_counter_reg[6]/C
                               ILI9341/cfg_delay_counter_reg[19]/CE
                                                              12.181        
ILI9341/cfg_delay_counter_reg[6]/C
                               ILI9341/cfg_delay_counter_reg[20]/CE
                                                              12.181        
FT6206/I2C0/clk_divider_counter_reg[0]/C
                               FT6206/I2C0/data_buffer_reg[2]/CE
                                                              12.182        
FT6206/I2C0/clk_divider_counter_reg[0]/C
                               FT6206/I2C0/data_buffer_reg[3]/CE
                                                              12.182        
FT6206/I2C0/clk_divider_counter_reg[0]/C
                               FT6206/I2C0/data_buffer_reg[4]/CE
                                                              12.182        
FT6206/I2C0/clk_divider_counter_reg[0]/C
                               FT6206/I2C0/data_buffer_reg[5]/CE
                                                              12.182        
FT6206/I2C0/clk_divider_counter_reg[0]/C
                               FT6206/I2C0/data_buffer_reg[6]/CE
                                                              12.182        
PULSE_10Hz/counter_reg[10]/C   PULSE_10Hz/counter_reg[0]/R    12.200        
PULSE_10Hz/counter_reg[10]/C   PULSE_10Hz/counter_reg[1]/R    12.200        
PULSE_10Hz/counter_reg[10]/C   PULSE_10Hz/counter_reg[2]/R    12.200        
PULSE_10Hz/counter_reg[10]/C   PULSE_10Hz/counter_reg[3]/R    12.200        
FT6206/I2C0/bit_counter_reg[0]/C
                               FT6206/I2C0/FSM_onehot_state_reg[6]/CE
                                                              12.210        
FT6206/I2C0/bit_counter_reg[0]/C
                               FT6206/I2C0/FSM_onehot_state_reg[1]/CE
                                                              12.212        
FT6206/I2C0/bit_counter_reg[0]/C
                               FT6206/I2C0/FSM_onehot_state_reg[2]/CE
                                                              12.212        
FT6206/I2C0/bit_counter_reg[0]/C
                               FT6206/I2C0/FSM_onehot_state_reg[3]/CE
                                                              12.212        
FT6206/I2C0/bit_counter_reg[0]/C
                               FT6206/I2C0/FSM_onehot_state_reg[0]/CE
                                                              12.218        
PULSE_100Hz/counter_reg[7]/C   PULSE_100Hz/counter_reg[16]/R  12.220        
PULSE_100Hz/counter_reg[7]/C   PULSE_100Hz/counter_reg[17]/R  12.220        
PULSE_100Hz/counter_reg[7]/C   PULSE_100Hz/counter_reg[18]/R  12.220        
PULSE_100Hz/counter_reg[7]/C   PULSE_100Hz/counter_reg[19]/R  12.220        
PULSE_100Hz/counter_reg[11]/C  PULSE_100Hz/counter_reg[4]/R   12.243        
PULSE_100Hz/counter_reg[11]/C  PULSE_100Hz/counter_reg[5]/R   12.243        
PULSE_100Hz/counter_reg[11]/C  PULSE_100Hz/counter_reg[6]/R   12.243        
PULSE_100Hz/counter_reg[11]/C  PULSE_100Hz/counter_reg[7]/R   12.243        
ILI9341/cfg_delay_counter_reg[6]/C
                               ILI9341/cfg_delay_counter_reg[0]/CE
                                                              12.275        
FT6206/state_reg[1]/C          FT6206/I2C0/bit_counter_reg[3]/D
                                                              12.282        
ILI9341/cfg_delay_counter_reg[6]/C
                               ILI9341/cfg_delay_counter_reg[21]/D
                                                              12.285        
FT6206/state_reg[1]/C          FT6206/I2C0/o_valid_reg/D      12.291        
PULSE_100Hz/counter_reg[7]/C   PULSE_100Hz/counter_reg[10]/R  12.322        
PULSE_100Hz/counter_reg[7]/C   PULSE_100Hz/counter_reg[11]/R  12.322        
PULSE_100Hz/counter_reg[7]/C   PULSE_100Hz/counter_reg[8]/R   12.322        
PULSE_100Hz/counter_reg[7]/C   PULSE_100Hz/counter_reg[9]/R   12.322        
FT6206/I2C0/clk_divider_counter_reg[0]/C
                               FT6206/I2C0/data_buffer_reg[1]/CE
                                                              12.335        
FT6206/I2C0/clk_divider_counter_reg[0]/C
                               FT6206/I2C0/data_buffer_reg[7]/CE
                                                              12.335        
PULSE_10Hz/counter_reg[10]/C   PULSE_10Hz/counter_reg[4]/R    12.341        
PULSE_10Hz/counter_reg[10]/C   PULSE_10Hz/counter_reg[5]/R    12.341        
PULSE_10Hz/counter_reg[10]/C   PULSE_10Hz/counter_reg[6]/R    12.341        
PULSE_10Hz/counter_reg[10]/C   PULSE_10Hz/counter_reg[7]/R    12.341        
ILI9341/rom_addr_reg_rep/CLKARDCLK
                               ILI9341/cfg_delay_counter_reg[10]/D
                                                              12.351        
PULSE_10Hz/counter_reg[10]/C   PULSE_10Hz/counter_reg[20]/R   12.356        
PULSE_10Hz/counter_reg[10]/C   PULSE_10Hz/counter_reg[21]/R   12.356        
PULSE_10Hz/counter_reg[10]/C   PULSE_10Hz/counter_reg[22]/R   12.356        
PULSE_10Hz/counter_reg[10]/C   PULSE_10Hz/counter_reg[23]/R   12.356        
PULSE_100Hz/counter_reg[7]/C   PULSE_100Hz/counter_reg[12]/R  12.360        
PULSE_100Hz/counter_reg[7]/C   PULSE_100Hz/counter_reg[13]/R  12.360        
PULSE_100Hz/counter_reg[7]/C   PULSE_100Hz/counter_reg[14]/R  12.360        
PULSE_100Hz/counter_reg[7]/C   PULSE_100Hz/counter_reg[15]/R  12.360        
FT6206/state_reg[1]/C          FT6206/active_register_reg[7]/R
                                                              12.362        
ILI9341/rom_addr_reg_rep/CLKARDCLK
                               ILI9341/cfg_delay_counter_reg[12]/D
                                                              12.371        



