#-----------------------------------------------------------
# Vivado v2022.1 (64-bit)
# SW Build 3526262 on Mon Apr 18 15:47:01 MDT 2022
# IP Build 3524634 on Mon Apr 18 20:55:01 MDT 2022
# Start of session at: Thu Nov 10 22:59:18 2022
# Process ID: 165638
# Current directory: /home/shamama/CompArch/olin-cafe-f22/labs/02_etch_a_sketch
# Command line: vivado -mode batch -source program.tcl
# Log file: /home/shamama/CompArch/olin-cafe-f22/labs/02_etch_a_sketch/vivado.log
# Journal file: /home/shamama/CompArch/olin-cafe-f22/labs/02_etch_a_sketch/vivado.jou
# Running On: shamama-Latitude-5411, OS: Linux, CPU Frequency: 2700.000 MHz, CPU Physical cores: 6, Host memory: 16361 MB
#-----------------------------------------------------------
source program.tcl
# open_hw_manager
open_hw_manager: Time (s): cpu = 00:00:07 ; elapsed = 00:00:05 . Memory (MB): peak = 2616.098 ; gain = 8.961 ; free physical = 2060 ; free virtual = 11754
# connect_hw_server
INFO: [Labtools 27-2285] Connecting to hw_server url TCP:localhost:3121
INFO: [Labtools 27-3415] Connecting to cs_server url TCP:localhost:3042
INFO: [Labtools 27-3414] Connected to existing cs_server.
# open_hw_target
INFO: [Labtoolstcl 44-466] Opening hw_target localhost:3121/xilinx_tcf/Digilent/210328B25457A
# set device [lindex [get_hw_devices] 0]
# set_property PROGRAM.FILE { main.bit } [ current_hw_device ] 
# current_hw_device $device
# program_hw_devices $device
INFO: [Labtools 27-3164] End of startup status: HIGH
# refresh_hw_device [lindex [get_hw_devices] 0]
INFO: [Labtools 27-1434] Device xc7a15t (JTAG device index = 0) is programmed with a design that has no supported debug core(s) in it.
refresh_hw_device: Time (s): cpu = 00:00:05 ; elapsed = 00:00:07 . Memory (MB): peak = 3572.281 ; gain = 940.000 ; free physical = 281 ; free virtual = 9917
# close_hw_target
INFO: [Labtoolstcl 44-464] Closing hw_target localhost:3121/xilinx_tcf/Digilent/210328B25457A
# close_hw_manager
INFO: [Common 17-206] Exiting Vivado at Thu Nov 10 22:59:35 2022...
